========================================================================
READ_ASCII_FILE: unknown
READ_ASCII_FILE: File: input.nml
========================================================================
READ_INPUT_NML: unknown
READ_INPUT_NML: input.nml 
  &MOM_input_nml
 	 output_directory = '.',
 	 input_filename = 'n'
 	 restart_input_dir = 'INPUT',
 	 restart_output_dir = 'RESTART',
 	 parameter_filename = 'MOM_input',
 			      'MOM_override'
 /
 
  &SIS_input_nml
 	output_directory = './',
 	input_filename = 'n'
 	restart_input_dir = 'INPUT/',
 	restart_output_dir = 'RESTART/',
 	parameter_filename = 'SIS_input',
 			     'SIS_override' /
 
  &atmos_model_nml
 	   layout = 0, 0
 /
 
  &coupler_nml
 	    months = 0,
 	    days   = 2,
 	    hours  = 0,
 	    current_date = 2010,09,16,0,0,0,
 	    calendar = 'NOLEAP',
 	    dt_cpld = 900,
 	    dt_atmos = 300,
 	    do_atmos = .false.,
 	    do_land = .false.,
 	    do_ice = .true.,
 	    do_ocean = .true.,
 	    do_flux = .true.,
 	    do_waves = .true.,
 	    atmos_npes = 0,
 	    concurrent = .false.
 	    use_lag_fluxes=.false.
 	    check_stocks = 0
 /
 
  &diag_manager_nml
 	    max_axes = 100,
 	    max_files = 63,
 	    max_num_axis_sets = 100,
 	    max_input_fields = 699
 	    max_output_fields = 699
 	    mix_snapshot_average_fields=.false.
 /
 
  &flux_exchange_nml
 	    debug_stocks = .FALSE.
 	    divert_stocks_report = .TRUE.
 	    do_area_weighted_flux = .FALSE.
 /
 
  &fms_io_nml
 	    fms_netcdf_restart=.true.
 	    threading_read='multi'
 	    max_files_r = 200
 	    max_files_w = 200
 	    checksum_required = .false.
 /
 
  &fms_nml
 	    clock_grain='ROUTINE'
 	    clock_flags='NONE'
 	    domains_stack_size = 5000000
 	    stack_size =0
 /
 
  &ice_albedo_nml
 	    t_range = 10.
 /
 
  &ice_model_nml
 /
 
  &icebergs_nml
  /
 
  &monin_obukhov_nml
 	    neutral = .true.
 /
 
  &ocean_albedo_nml
 	    ocean_albedo_option = 2
 /
 
  &ocean_rough_nml
 	    rough_scheme = 'beljaars'
 /
 
  &sat_vapor_pres_nml
 	    construct_table_wrt_liq = .true.
 	    construct_table_wrt_liq_and_ice = .true.
 /
 
  &surface_flux_nml
 	    ncar_ocean_flux = .true.
 	    raoult_sat_vap = .true.
 /
 
  &topography_nml
 	    topog_file = 'INPUT/topog.nc'
 /
 
  &xgrid_nml
 	    make_exchange_reproduce = .false.
 	    interp_method = 'second_order'
 /
 

MPP module unknown
MPP started with NPES=     4
Using MPI library for message passing...
Realtime clock resolution=  1.0000E-09 sec ( 999999999 ticks/sec)
Clock rolls over after   9.2234E+09 sec ( 9223372036854775806 ticks)

MPP Parameter module unknown

MPP Data module unknown

MPP_DOMAINS module unknown
 &MPP_IO_NML
 HEADER_BUFFER_VAL       =       16384,
 GLOBAL_FIELD_ON_ROOT_PE = T,
 IO_CLOCKS_ON    = F,
 SHUFFLE =           0,
 DEFLATE_LEVEL   =          -1,
 CF_COMPLIANCE   = F
 /

MPP_IO module unknown

Using netCDF library version 4.2 of May 23 2012 12:14:03 $

================================================================================
FMS_IO_MOD
unknown

================================================================================
FMS_MOD
unknown
 &FMS_NML
 READ_ALL_PE     = T,
 CLOCK_GRAIN     = ROUTINE         ,
 CLOCK_FLAGS     = NONE            ,
 WARNING_LEVEL   = warning ,
 IOSPEC_IEEE32   = -N ieee_32                                                      ,
 STACK_SIZE      =           0,
 DOMAINS_STACK_SIZE      =     5000000,
 PRINT_MEMORY_USAGE      = F
 /
 nml_error_codes=

================================================================================
CONSTANTS_MOD
unknown

================================================================================
$Id$
$Name$

================================================================================
TIME_MANAGER_MOD
unknown
 &COUPLER_NML
 CURRENT_DATE    =        2010,           9,          16, 3*0,
 CALENDAR        = NOLEAP           ,
 FORCE_DATE_FROM_NAMELIST        = T,
 MONTHS  =           0,
 DAYS    =           2,
 HOURS   =           0,
 MINUTES =           0,
 SECONDS =           0,
 DT_CPLD =         900,
 DT_ATMOS        =         300,
 DO_ATMOS        = F,
 DO_LAND = F,
 DO_ICE  = T,
 DO_OCEAN        = T,
 DO_FLUX = T,
 DO_WAVES        = T,
 ATMOS_NPES      =           4,
 OCEAN_NPES      =           4,
 ICE_NPES        =           4,
 LAND_NPES       =           4,
 WAVES_NPES      =           4,
 ATMOS_NTHREADS  =           1,
 OCEAN_NTHREADS  =           1,
 RADIATION_NTHREADS      =           1,
 CONCURRENT      = F,
 DO_CONCURRENT_RADIATION = F,
 USE_LAG_FLUXES  = F,
 CHECK_STOCKS    =           0,
 RESTART_INTERVAL        = 6*0,
 DO_DEBUG        = F,
 DO_CHKSUM       = F,
 USE_HYPER_THREAD        = F,
 NCORES_PER_NODE =           0,
 DEBUG_AFFINITY  = F,
 CONCURRENT_ICE  = F,
 SLOW_ICE_WITH_OCEAN     = F,
 DO_ENDPOINT_CHKSUM      = T,
 COMBINED_ICE_AND_OCEAN  = F
 /
  current date used = 2010 September 16  0:00:00 gmt

================================================================================
DIAG_UTIL_MOD
unknown

================================================================================
DIAG_DATA_MOD
unknown

================================================================================
DIAG_MANAGER_MOD
unknown
 &DIAG_MANAGER_NML
 APPEND_PELIST_NAME      = F,
 MIX_SNAPSHOT_AVERAGE_FIELDS     = F,
 MAX_OUTPUT_FIELDS       =         699,
 MAX_INPUT_FIELDS        =         699,
 MAX_AXES        =         100,
 DO_DIAG_FIELD_LOG       = F,
 WRITE_BYTES_IN_FILE     = F,
 DEBUG_DIAG_MANAGER      = F,
 MAX_NUM_AXIS_SETS       =         100,
 MAX_FILES       =          63,
 USE_CMOR        = F,
 ISSUE_OOR_WARNINGS      = T,
 OOR_WARNINGS_FATAL      = F,
 MAX_OUT_PER_IN_FIELD    =         150,
 FLUSH_NC_FILES  = F,
 REGION_OUT_USE_ALT_VALUE        = T,
 MAX_FIELD_ATTRIBUTES    =           4,
 MAX_FILE_ATTRIBUTES     =           2,
 MAX_AXIS_ATTRIBUTES     =           4,
 PREPEND_DATE    = T,
 WRITE_MANIFEST_FILE     = F
 /
========================================================================
READ_ASCII_FILE: unknown
READ_ASCII_FILE: File: diag_table
base date used = 1900 January  1  0:00:00 gmt

================================================================================
DIAG_AXIS_MOD
unknown

================================================================================
TRACER_MANAGER_MOD
unknown

================================================================================
FIELD_MANAGER_MOD
unknown
# specific humidity for moist runs                                                                                                                                                                                                                                                                                                                                                                                                                                                                                                                                                                                                                                                                                                                                                                                                                                                                                                                                                                                                                              
 "TRACER", "atmos_mod", "sphum"                                                                                                                                                                                                                                                                                                                                                                                                                                                                                                                                                                                                                                                                                                                                                                                                                                                                                                                                                                                                                                 
##	   "profile_type", "fixed", "surface_value=3.e-6" /                                                                                                                                                                                                                                                                                                                                                                                                                                                                                                                                                                                                                                                                                                                                                                                                                                                                                                                                                                                                          
# prognostic cloud scheme tracers                                                                                                                                                                                                                                                                                                                                                                                                                                                                                                                                                                                                                                                                                                                                                                                                                                                                                                                                                                                                                               
  "TRACER", "atmos_mod", "liq_wat"                                                                                                                                                                                                                                                                                                                                                                                                                                                                                                                                                                                                                                                                                                                                                                                                                                                                                                                                                                                                                              
  "TRACER", "atmos_mod", "ice_wat"                                                                                                                                                                                                                                                                                                                                                                                                                                                                                                                                                                                                                                                                                                                                                                                                                                                                                                                                                                                                                              
  "TRACER", "atmos_mod", "cld_amt"                                                                                                                                                                                                                                                                                                                                                                                                                                                                                                                                                                                                                                                                                                                                                                                                                                                                                                                                                                                                                              
# sphum must be present on land as well                                                                                                                                                                                                                                                                                                                                                                                                                                                                                                                                                                                                                                                                                                                                                                                                                                                                                                                                                                                                                         
 "TRACER", "land_mod",     "sphum"                                                                                                                                                                                                                                                                                                                                                                                                                                                                                                                                                                                                                                                                                                                                                                                                                                                                                                                                                                                                                              
# test tracer for radon                                                                                                                                                                                                                                                                                                                                                                                                                                                                                                                                                                                                                                                                                                                                                                                                                                                                                                                                                                                                                                         
#                                                                                                                                                                                                                                                                                                                                                                                                                                                                                                                                                                                                                                                                                                                                                                                                                                                                                                                                                                                                                                                               
# "TRACER", "atmos_mod", "radon"                                                                                                                                                                                                                                                                                                                                                                                                                                                                                                                                                                                                                                                                                                                                                                                                                                                                                                                                                                                                                                
#           "longname",     "radon test tracer"                                                                                                                                                                                                                                                                                                                                                                                                                                                                                                                                                                                                                                                                                                                                                                                                                                                                                                                                                                                                                 
#           "units",        "kg/kg" /                                                                                                                                                                                                                                                                                                                                                                                                                                                                                                                                                                                                                                                                                                                                                                                                                                                                                                                                                                                                                           
###.................................................                                                                                                                                                                                                                                                                                                                                                                                                                                                                                                                                                                                                                                                                                                                                                                                                                                                                                                                                                                                                            
 ----------------------------------------------------
 Contents of tracer entry            1
 Model type and field name
 Model                :            1
 Field name           : sphum
 Tracer units         : kg/kg
 Tracer longname      : specific humidity
 Tracer is_prognostic :  T
 ----------------------------------------------------
 ----------------------------------------------------
 Contents of tracer entry            2
 Model type and field name
 Model                :            1
 Field name           : liq_wat
 Tracer units         : kg/kg
 Tracer longname      : cloud liquid specific humidity
 Tracer is_prognostic :  T
 ----------------------------------------------------
 ----------------------------------------------------
 Contents of tracer entry            3
 Model type and field name
 Model                :            1
 Field name           : ice_wat
 Tracer units         : kg/kg
 Tracer longname      : cloud ice water specific humidity
 Tracer is_prognostic :  T
 ----------------------------------------------------
 ----------------------------------------------------
 Contents of tracer entry            4
 Model type and field name
 Model                :            1
 Field name           : cld_amt
 Tracer units         : none
 Tracer longname      : cloud fraction
 Tracer is_prognostic :  T
 ----------------------------------------------------
Number of tracers in field table for atmospheric model =    4
Number of tracers in field table for oceanic model =    0
 ----------------------------------------------------
 Contents of tracer entry            5
 Model type and field name
 Model                :            3
 Field name           : sphum
 Tracer units         : kg/kg
 Tracer longname      : specific humidity
 Tracer is_prognostic :  T
 ----------------------------------------------------
Number of tracers in field table for land model =    1
Number of tracers in field table for ice model =    0
Number of tracers in field table for coupler model =    0

================================================================================
atmos_ocean_fluxes_mod
unknown

================================================================================
coupler_types_mod
unknown

atmos model domain decomposition:     2 X    2
   pe,   is,  ie,  js,  je,    isd, ied, jsd, jed

================================================================================
$Id$
$Name$
 &DIAG_INTEGRAL_NML
 OUTPUT_INTERVAL =  -1.00000000000000     ,
 TIME_UNITS      = hours   ,
 FILE_NAME       =                                                                 ,
 PRINT_HEADER    = T,
 FIELDS_PER_PRINT_LINE   =           4
 /
 &DATA_OVERRIDE_NML
 DEBUG_DATA_OVERRIDE     = F,
 GRID_CENTER_BUG = F
 /

================================================================================
HORIZ_INTERP_MOD
unknown
 &HORIZ_INTERP_NML
 REPRODUCE_SIENA = F
 /

================================================================================
HORIZ_INTERP_CONSERVE_MOD
unknown

================================================================================
HORIZ_INTERP_BILINEAR_MOD
unknown

================================================================================
HORIZ_INTERP_BICUBIC_MOD
unknown

================================================================================
horiz_interp_spherical_mod
unknown

================================================================================
DATA_OVERRIDE_MOD
unknown

================================================================================
TIME_INTERP_EXTERNAL_MOD
unknown
 &TIME_INTERP_EXTERNAL_NML
 NUM_IO_BUFFERS  =           2,
 DEBUG_THIS_MODULE       = F,
 MAX_FIELDS      =         100,
 MAX_FILES       =          40
 /

================================================================================
TIME_INTERP_MOD
unknown
 &TIME_INTERP_NML
 PERTHLIKE_BEHAVIOR      = F
 /

================================================================================
$Id$
$Name$

land model domain decomposition:     2 X    2
   pe,   is,  ie,  js,  je,    isd, ied, jsd, jed
 &DATA_OVERRIDE_NML
 DEBUG_DATA_OVERRIDE     = F,
 GRID_CENTER_BUG = F
 /
