========================================================================
READ_ASCII_FILE: unknown
READ_ASCII_FILE: File: input.nml
========================================================================
READ_INPUT_NML: unknown
READ_INPUT_NML: input.nml 
  &MOM_input_nml
          output_directory = './',
          input_filename = 'n'
          restart_input_dir = 'INPUT/',
          restart_output_dir = 'RESTART/',
          parameter_filename = 'MOM_input',
                               'MOM_override' /
 
  &diag_manager_nml
  /
 
  &fms_nml
          clock_grain = 'LOOP',
          domains_stack_size = 710000,
          stack_size = 0 /
 
  &ocean_domains_nml
  /
 
  &ice_model_nml
  /
 

MPP module unknown
MPP started with NPES=     8
Using MPI library for message passing...
Realtime clock resolution=  1.0000E-09 sec ( 999999999 ticks/sec)
Clock rolls over after   9.2234E+09 sec ( 9223372036854775806 ticks)

MPP Parameter module unknown

MPP Data module unknown

MPP_DOMAINS module unknown
 &MPP_IO_NML
 HEADER_BUFFER_VAL       =       16384,
 GLOBAL_FIELD_ON_ROOT_PE = T,
 IO_CLOCKS_ON    = F,
 SHUFFLE =           0,
 DEFLATE_LEVEL   =          -1,
 CF_COMPLIANCE   = F
 /

MPP_IO module unknown

Using netCDF library version 4.7.3 of Dec 18 2019 10:33:46 $

================================================================================
FMS_IO_MOD
unknown

================================================================================
FMS_MOD
unknown
 &FMS_NML
 READ_ALL_PE     = T,
 CLOCK_GRAIN     = LOOP            ,
 CLOCK_FLAGS     = NONE            ,
 WARNING_LEVEL   = warning ,
 IOSPEC_IEEE32   = -N ieee_32                                                      ,
 STACK_SIZE      =           0,
 DOMAINS_STACK_SIZE      =      710000,
 PRINT_MEMORY_USAGE      = F
 /
 nml_error_codes=

================================================================================
CONSTANTS_MOD
unknown

================================================================================
TIME_MANAGER_MOD
unknown

================================================================================
TIME_INTERP_EXTERNAL_MOD
unknown
 &TIME_INTERP_EXTERNAL_NML
 NUM_IO_BUFFERS  =           2,
 DEBUG_THIS_MODULE       = F,
 MAX_FIELDS      =         100,
 MAX_FILES       =          40
 /

================================================================================
TIME_INTERP_MOD
unknown
 &TIME_INTERP_NML
 PERTHLIKE_BEHAVIOR      = F
 /
find_obsolete_params: unknown
MOM: unknown
  MOM VERBOSITY: 2
  MOM DO_UNIT_TESTS: False
  MOM SPLIT: False
  MOM USE_RK2: False
  MOM CALC_RHO_FOR_SEA_LEVEL: False
  MOM ENABLE_THERMODYNAMICS: True
  MOM USE_EOS: True
  MOM DIABATIC_FIRST: False
  MOM USE_CONTEMP_ABSSAL: False
  MOM ADIABATIC: False
  MOM USE_LEGACY_DIABATIC_DRIVER: True
  MOM OFFLINE_TRACER_MODE: False
  MOM USE_REGRIDDING: True
  MOM BULKMIXEDLAYER: False
  MOM THICKNESSDIFFUSE: False
  MOM THICKNESSDIFFUSE_FIRST: False
  MOM BATHYMETRY_AT_VEL: False
  MOM DEBUG: False
  MOM DEBUG_TRUNCATIONS: False
  MOM DT: 1200.0
  MOM DT_THERM: 1200.0
  MOM THERMO_SPANS_COUPLING: False
  MOM HMIX_SFC_PROP: 1.0
  MOM HMIX_UV_SFC_PROP: 0.0
  MOM HFREEZE: -1.0
  MOM MIN_Z_DIAG_INTERVAL: 0.0
  MOM INTERPOLATE_P_SURF: False
  MOM FRAZIL: True
  MOM DO_GEOTHERMAL: False
  MOM BOUND_SALINITY: False
  MOM C_P: 3992.10322329649
  MOM P_REF: 2.0E+07
  MOM GLOBAL_INDEXING: False
  MOM FIRST_DIRECTION: 0
  MOM CHECK_BAD_SURFACE_VALS: False
  MOM SAVE_INITIAL_CONDS: True
  MOM IC_OUTPUT_FILE: MOM_IC
  MOM WRITE_GEOM: 1
  MOM ENSEMBLE_OCEAN: False
MOM_domains: unknown
  MOM_domains REENTRANT_X: True
  MOM_domains REENTRANT_Y: True
  MOM_domains TRIPOLAR_N: False
  MOM_domains !SYMMETRIC_MEMORY_: False
  MOM_domains NONBLOCKING_UPDATES: False
  MOM_domains THIN_HALO_UPDATES: True
  MOM_domains !STATIC_MEMORY_: False
  MOM_domains NIHALO: 4
  MOM_domains NJHALO: 4
  MOM_domains NIGLOBAL: 4
  MOM_domains NJGLOBAL: 4
  MOM_domains MASKTABLE: MOM_mask_table
  MOM_domains NIPROC: 2
  MOM_domains NJPROC: 4
  MOM_domains LAYOUT: 2, 4
  MOM_domains IO_LAYOUT: 1, 1

MOM domain decomposition:     2 X    4
   pe,   is,  ie,  js,  je,    isd, ied, jsd, jed
MOM_debugging: unknown
  MOM_debugging DEBUG: False
  MOM_debugging DEBUG_CHKSUMS: False
  MOM_debugging DEBUG_REDUNDANT: False
MOM_checksums: unknown

================================================================================
DIAG_UTIL_MOD
unknown

================================================================================
DIAG_DATA_MOD
unknown

================================================================================
DIAG_MANAGER_MOD
unknown
 &DIAG_MANAGER_NML
 APPEND_PELIST_NAME      = F,
 MIX_SNAPSHOT_AVERAGE_FIELDS     = F,
 MAX_OUTPUT_FIELDS       =         300,
 MAX_INPUT_FIELDS        =         600,
 MAX_AXES        =          60,
 DO_DIAG_FIELD_LOG       = F,
 WRITE_BYTES_IN_FILE     = F,
 DEBUG_DIAG_MANAGER      = F,
 MAX_NUM_AXIS_SETS       =          25,
 MAX_FILES       =          31,
 USE_CMOR        = F,
 ISSUE_OOR_WARNINGS      = T,
 OOR_WARNINGS_FATAL      = F,
 MAX_OUT_PER_IN_FIELD    =         150,
 FLUSH_NC_FILES  = F,
 REGION_OUT_USE_ALT_VALUE        = T,
 MAX_FIELD_ATTRIBUTES    =           4,
 MAX_FILE_ATTRIBUTES     =           2,
 MAX_AXIS_ATTRIBUTES     =           4,
 PREPEND_DATE    = T,
 WRITE_MANIFEST_FILE     = F
 /
========================================================================
READ_ASCII_FILE: unknown
READ_ASCII_FILE: File: diag_table
base date used =    1 January  1  0:00:00 gmt

================================================================================
DIAG_AXIS_MOD
unknown
MOM_io: unknown
MOM_hor_index: unknown

MOM domain decomposition:     2 X    4
   pe,   is,  ie,  js,  je,    isd, ied, jsd, jed
MOM_verticalGrid: unknown
  MOM_verticalGrid G_EARTH: 9.81
  MOM_verticalGrid RHO_0: 1027.0
  MOM_verticalGrid BOUSSINESQ: True
  MOM_verticalGrid ANGSTROM: 1.0E-10
  MOM_verticalGrid H_RESCALE_POWER: 0
  MOM_verticalGrid H_TO_M: 1.0
  MOM_verticalGrid Z_RESCALE_POWER: 0
  MOM_verticalGrid NK: 600
  MOM_verticalGrid M to THICKNESS: 1.0
  MOM_verticalGrid M to THICKNESS rescaled by 2^-n: 1.0
  MOM_verticalGrid THICKNESS to M rescaled by 2^n: 1.0
MOM_fixed_initialization: unknown
  MOM_fixed_initialization DEBUG: False
  MOM_fixed_initialization INPUTDIR: .
MOM_grid_init: unknown
  MOM_grid_init GRID_CONFIG: cartesian
  MOM_grid_init DEBUG: False
  MOM_grid_init set_grid_metrics_cartesian AXIS_UNITS: degrees
  MOM_grid_init set_grid_metrics_cartesian SOUTHLAT: 27.836
  MOM_grid_init set_grid_metrics_cartesian LENLAT: 2.0
  MOM_grid_init set_grid_metrics_cartesian WESTLON: 0.0
  MOM_grid_init set_grid_metrics_cartesian LENLON: 2.0
  MOM_grid_init set_grid_metrics_cartesian RAD_EARTH: 6.378E+06
  MOM_grid_init set_grid_metrics_cartesian explicit AXIS_UNITS: degrees_east
  MOM_initialize_topography TOPO_CONFIG: flat
  initialize_topography_named MINIMUM_DEPTH: 0.5
  MOM_initialize_topography MAXIMUM_DEPTH: 300.0
  limit_topography MINIMUM_DEPTH: 0.5
MOM_open_boundary: unknown
  MOM_open_boundary OBC_NUMBER_OF_SEGMENTS: 0
  MOM_open_boundary G_EARTH: 9.81
  MOM_grid_init initialize_masks MINIMUM_DEPTH: 0.5
  MOM_grid_init initialize_masks MASKING_DEPTH: -9999.0
  MOM_fixed_initialization CHANNEL_CONFIG: none
  MOM_initialize_rotation ROTATION: betaplane
  set_rotation_beta_plane F_0: 6.8103E-05
  set_rotation_beta_plane BETA: 0.0
  set_rotation_beta_plane AXIS_UNITS: degrees
  set_rotation_beta_plane RAD_EARTH: 6.378E+06
  initialize_grid_rotation_angle GRID_ROTATION_ANGLE_BUGS: True
  write_ocean_geometry_file PARALLEL_RESTARTFILES: False
MOM_tracer_registry: unknown
  MOM NK_RHO_VARIES: 0
MOM_EOS: unknown
  MOM_EOS EQN_OF_STATE: LINEAR
  MOM_EOS RHO_T0_S0: 1000.0
  MOM_EOS DRHO_DT: -0.2
  MOM_EOS DRHO_DS: 0.0
  MOM_EOS EOS_QUADRATURE: False
  MOM_EOS TFREEZE_FORM: LINEAR
  MOM_EOS TFREEZE_S0_P0: 0.0
  MOM_EOS DTFREEZE_DS: -0.054
  MOM_EOS DTFREEZE_DP: 0.0
MOM_restart: unknown
  MOM_restart PARALLEL_RESTARTFILES: False
  MOM_restart RESTARTFILE: MOM.res
  MOM_restart LARGE_FILE_SUPPORT: True
  MOM_restart MAX_FIELDS: 100
  MOM_restart RESTART_CHECKSUMS_REQUIRED: True
MOM_tracer_flow_control: unknown
  MOM_tracer_flow_control USE_USER_TRACER_EXAMPLE: False
  MOM_tracer_flow_control USE_DOME_TRACER: False
  MOM_tracer_flow_control USE_ISOMIP_TRACER: False
  MOM_tracer_flow_control USE_IDEAL_AGE_TRACER: False
  MOM_tracer_flow_control USE_REGIONAL_DYES: False
  MOM_tracer_flow_control USE_OIL_TRACER: False
  MOM_tracer_flow_control USE_ADVECTION_TEST_TRACER: False
  MOM_tracer_flow_control USE_OCMIP2_CFC: False
  MOM_tracer_flow_control USE_generic_tracer: False
  MOM_tracer_flow_control USE_PSEUDO_SALT_TRACER: False
  MOM_tracer_flow_control USE_BOUNDARY_IMPULSE_TRACER: False
  MOM_tracer_flow_control USE_DYED_OBC_TRACER: False
MOM_coord_initialization: unknown
  MOM_coord_initialization DEBUG: False
  MOM_coord_initialization COORD_CONFIG: none
  set_coord_to_none GFS: 9.81
  MOM_ALE REMAP_UV_USING_OLD_ALG: True
  MOM_ALE REGRIDDING_COORDINATE_MODE: Z*
  MOM_ALE INPUTDIR: .
  MOM_ALE REGRIDDING_COORDINATE_UNITS: m
  MOM_ALE ALE_COORDINATE_CONFIG: FNC1:2,6500,6,.01
